TN:
SF:modules\register-migrated\controllers\registerController.js
FN:6,(anonymous_0)
FN:21,(anonymous_1)
FN:35,(anonymous_2)
FN:39,(anonymous_3)
FN:49,(anonymous_4)
FN:61,(anonymous_5)
FN:73,(anonymous_6)
FN:85,(anonymous_7)
FN:105,(anonymous_8)
FN:139,(anonymous_9)
FN:169,(anonymous_10)
FN:178,(anonymous_11)
FNF:12
FNH:0
FNDA:0,(anonymous_0)
FNDA:0,(anonymous_1)
FNDA:0,(anonymous_2)
FNDA:0,(anonymous_3)
FNDA:0,(anonymous_4)
FNDA:0,(anonymous_5)
FNDA:0,(anonymous_6)
FNDA:0,(anonymous_7)
FNDA:0,(anonymous_8)
FNDA:0,(anonymous_9)
FNDA:0,(anonymous_10)
FNDA:0,(anonymous_11)
DA:1,1
DA:2,1
DA:3,1
DA:7,0
DA:8,0
DA:9,0
DA:10,0
DA:11,0
DA:12,0
DA:13,0
DA:14,0
DA:16,0
DA:17,0
DA:22,0
DA:23,0
DA:24,0
DA:25,0
DA:26,0
DA:27,0
DA:28,0
DA:30,0
DA:31,0
DA:36,0
DA:37,0
DA:38,0
DA:39,0
DA:40,0
DA:41,0
DA:42,0
DA:44,0
DA:45,0
DA:50,0
DA:51,0
DA:52,0
DA:53,0
DA:54,0
DA:56,0
DA:57,0
DA:62,0
DA:63,0
DA:64,0
DA:65,0
DA:66,0
DA:68,0
DA:69,0
DA:74,0
DA:75,0
DA:76,0
DA:77,0
DA:78,0
DA:80,0
DA:81,0
DA:86,0
DA:87,0
DA:88,0
DA:89,0
DA:90,0
DA:91,0
DA:92,0
DA:93,0
DA:94,0
DA:95,0
DA:97,0
DA:98,0
DA:100,0
DA:101,0
DA:106,0
DA:107,0
DA:108,0
DA:109,0
DA:110,0
DA:111,0
DA:112,0
DA:113,0
DA:114,0
DA:115,0
DA:117,0
DA:118,0
DA:119,0
DA:121,0
DA:122,0
DA:123,0
DA:124,0
DA:125,0
DA:126,0
DA:127,0
DA:128,0
DA:129,0
DA:130,0
DA:132,0
DA:134,0
DA:135,0
DA:140,0
DA:141,0
DA:142,0
DA:143,0
DA:144,0
DA:145,0
DA:146,0
DA:147,0
DA:149,0
DA:150,0
DA:151,0
DA:153,0
DA:154,0
DA:155,0
DA:156,0
DA:158,0
DA:159,0
DA:161,0
DA:164,0
DA:165,0
DA:170,0
DA:171,0
DA:173,0
DA:174,0
DA:179,0
DA:180,0
DA:182,0
DA:183,0
DA:188,1
LF:121
LH:4
BRDA:9,0,0,0
BRDA:9,0,1,0
BRDA:9,1,0,0
BRDA:9,1,1,0
BRDA:10,2,0,0
BRDA:10,2,1,0
BRDA:11,3,0,0
BRDA:11,3,1,0
BRDA:13,4,0,0
BRDA:13,4,1,0
BRDA:24,5,0,0
BRDA:24,5,1,0
BRDA:24,6,0,0
BRDA:24,6,1,0
BRDA:25,7,0,0
BRDA:25,7,1,0
BRDA:27,8,0,0
BRDA:27,8,1,0
BRDA:38,9,0,0
BRDA:38,9,1,0
BRDA:39,10,0,0
BRDA:39,10,1,0
BRDA:40,11,0,0
BRDA:40,11,1,0
BRDA:40,12,0,0
BRDA:40,12,1,0
BRDA:41,13,0,0
BRDA:41,13,1,0
BRDA:52,14,0,0
BRDA:52,14,1,0
BRDA:52,15,0,0
BRDA:52,15,1,0
BRDA:53,16,0,0
BRDA:53,16,1,0
BRDA:53,17,0,0
BRDA:53,17,1,0
BRDA:64,18,0,0
BRDA:64,18,1,0
BRDA:65,19,0,0
BRDA:65,19,1,0
BRDA:76,20,0,0
BRDA:76,20,1,0
BRDA:76,21,0,0
BRDA:76,21,1,0
BRDA:77,22,0,0
BRDA:77,22,1,0
BRDA:88,23,0,0
BRDA:88,23,1,0
BRDA:88,24,0,0
BRDA:88,24,1,0
BRDA:88,24,2,0
BRDA:88,24,3,0
BRDA:88,24,4,0
BRDA:88,24,5,0
BRDA:88,24,6,0
BRDA:88,24,7,0
BRDA:89,25,0,0
BRDA:89,25,1,0
BRDA:90,26,0,0
BRDA:90,26,1,0
BRDA:91,27,0,0
BRDA:91,27,1,0
BRDA:92,28,0,0
BRDA:92,28,1,0
BRDA:93,29,0,0
BRDA:93,29,1,0
BRDA:94,30,0,0
BRDA:94,30,1,0
BRDA:95,31,0,0
BRDA:95,31,1,0
BRDA:109,32,0,0
BRDA:109,32,1,0
BRDA:111,33,0,0
BRDA:111,33,1,0
BRDA:112,34,0,0
BRDA:112,34,1,0
BRDA:113,35,0,0
BRDA:113,35,1,0
BRDA:115,36,0,0
BRDA:115,36,1,0
BRDA:117,37,0,0
BRDA:117,37,1,0
BRDA:119,38,0,0
BRDA:119,38,1,0
BRDA:121,39,0,0
BRDA:121,39,1,0
BRDA:123,40,0,0
BRDA:123,40,1,0
BRDA:143,41,0,0
BRDA:143,41,1,0
BRDA:145,42,0,0
BRDA:145,42,1,0
BRDA:147,43,0,0
BRDA:147,43,1,0
BRDA:149,44,0,0
BRDA:149,44,1,0
BRDA:151,45,0,0
BRDA:151,45,1,0
BRDA:158,46,0,0
BRDA:158,46,1,0
BRDA:158,47,0,0
BRDA:158,47,1,0
BRDA:158,47,2,0
BRF:103
BRH:0
end_of_record
TN:
SF:modules\register-migrated\routes\register.js
FNF:0
FNH:0
DA:1,1
DA:2,1
DA:3,1
DA:5,1
DA:6,1
DA:7,1
DA:8,1
DA:9,1
DA:10,1
DA:11,1
DA:12,1
DA:13,1
DA:14,1
DA:15,1
DA:17,1
LF:15
LH:15
BRF:0
BRH:0
end_of_record
TN:
SF:modules\register-migrated\services\registrationDbService.js
FN:5,(anonymous_0)
FN:10,(anonymous_1)
FN:15,(anonymous_2)
FN:20,(anonymous_3)
FN:26,(anonymous_4)
FN:59,(anonymous_5)
FN:70,(anonymous_6)
FN:83,(anonymous_7)
FN:94,(anonymous_8)
FNF:9
FNH:0
FNDA:0,(anonymous_0)
FNDA:0,(anonymous_1)
FNDA:0,(anonymous_2)
FNDA:0,(anonymous_3)
FNDA:0,(anonymous_4)
FNDA:0,(anonymous_5)
FNDA:0,(anonymous_6)
FNDA:0,(anonymous_7)
FNDA:0,(anonymous_8)
DA:1,1
DA:2,1
DA:6,0
DA:7,0
DA:11,0
DA:12,0
DA:16,0
DA:17,0
DA:21,0
DA:22,0
DA:23,0
DA:27,0
DA:28,0
DA:29,0
DA:46,0
DA:48,0
DA:49,0
DA:50,0
DA:51,0
DA:52,0
DA:53,0
DA:55,0
DA:60,0
DA:61,0
DA:62,0
DA:63,0
DA:67,0
DA:71,0
DA:75,0
DA:76,0
DA:77,0
DA:78,0
DA:79,0
DA:80,0
DA:84,0
DA:85,0
DA:86,0
DA:87,0
DA:91,0
DA:95,0
DA:99,0
DA:100,0
DA:101,0
DA:102,0
DA:103,0
DA:104,0
DA:105,0
DA:109,1
LF:48
LH:3
BRDA:7,0,0,0
BRDA:7,0,1,0
BRDA:12,1,0,0
BRDA:12,1,1,0
BRDA:17,2,0,0
BRDA:17,2,1,0
BRDA:21,3,0,0
BRDA:21,3,1,0
BRDA:23,4,0,0
BRDA:23,4,1,0
BRDA:39,5,0,0
BRDA:39,5,1,0
BRDA:41,6,0,0
BRDA:41,6,1,0
BRDA:42,7,0,0
BRDA:42,7,1,0
BRDA:43,8,0,0
BRDA:43,8,1,0
BRDA:48,9,0,0
BRDA:48,9,1,0
BRDA:48,10,0,0
BRDA:48,10,1,0
BRDA:49,11,0,0
BRDA:49,11,1,0
BRDA:50,12,0,0
BRDA:50,12,1,0
BRDA:51,13,0,0
BRDA:51,13,1,0
BRDA:52,14,0,0
BRDA:52,14,1,0
BRDA:75,15,0,0
BRDA:75,15,1,0
BRDA:78,16,0,0
BRDA:78,16,1,0
BRDA:99,17,0,0
BRDA:99,17,1,0
BRDA:100,18,0,0
BRDA:100,18,1,0
BRDA:103,19,0,0
BRDA:103,19,1,0
BRF:40
BRH:0
end_of_record
TN:
SF:src\app.js
FN:37,(anonymous_0)
FN:45,(anonymous_1)
FN:50,(anonymous_2)
FNF:3
FNH:0
FNDA:0,(anonymous_0)
FNDA:0,(anonymous_1)
FNDA:0,(anonymous_2)
DA:1,1
DA:2,1
DA:3,1
DA:4,1
DA:6,1
DA:7,1
DA:8,1
DA:9,1
DA:10,1
DA:11,1
DA:12,1
DA:13,1
DA:14,1
DA:16,1
DA:17,1
DA:20,1
DA:21,1
DA:22,1
DA:23,1
DA:26,1
DA:27,1
DA:28,1
DA:29,1
DA:30,1
DA:31,1
DA:32,1
DA:33,1
DA:34,1
DA:37,1
DA:38,0
DA:42,1
DA:45,1
DA:46,0
DA:49,1
DA:50,0
DA:51,0
DA:55,1
LF:37
LH:33
BRDA:17,0,0,1
BRDA:17,0,1,1
BRDA:49,1,0,0
BRDA:49,1,1,1
BRF:4
BRH:3
end_of_record
TN:
SF:src\domain-providers\authService.js
FN:9,(anonymous_0)
FN:55,(anonymous_1)
FN:65,(anonymous_2)
FN:89,(anonymous_3)
FN:136,(anonymous_4)
FN:171,(anonymous_5)
FN:223,(anonymous_6)
FN:239,(anonymous_7)
FN:246,(anonymous_8)
FN:252,(anonymous_9)
FN:258,(anonymous_10)
FNF:11
FNH:0
FNDA:0,(anonymous_0)
FNDA:0,(anonymous_1)
FNDA:0,(anonymous_2)
FNDA:0,(anonymous_3)
FNDA:0,(anonymous_4)
FNDA:0,(anonymous_5)
FNDA:0,(anonymous_6)
FNDA:0,(anonymous_7)
FNDA:0,(anonymous_8)
FNDA:0,(anonymous_9)
FNDA:0,(anonymous_10)
DA:1,1
DA:2,1
DA:3,1
DA:4,1
DA:5,1
DA:10,0
DA:12,0
DA:14,0
DA:15,0
DA:19,0
DA:20,0
DA:21,0
DA:22,0
DA:23,0
DA:24,0
DA:25,0
DA:26,0
DA:27,0
DA:30,0
DA:31,0
DA:34,0
DA:35,0
DA:39,0
DA:40,0
DA:41,0
DA:43,0
DA:44,0
DA:47,0
DA:49,0
DA:50,0
DA:56,0
DA:57,0
DA:59,0
DA:60,0
DA:66,0
DA:67,0
DA:68,0
DA:70,0
DA:79,0
DA:81,0
DA:83,0
DA:84,0
DA:90,0
DA:92,0
DA:94,0
DA:95,0
DA:96,0
DA:100,0
DA:102,0
DA:110,0
DA:111,0
DA:112,0
DA:115,0
DA:116,0
DA:122,0
DA:123,0
DA:124,0
DA:127,0
DA:128,0
DA:130,0
DA:131,0
DA:137,0
DA:139,0
DA:140,0
DA:141,0
DA:144,0
DA:147,0
DA:148,0
DA:149,0
DA:153,0
DA:156,0
DA:158,0
DA:165,0
DA:166,0
DA:172,0
DA:174,0
DA:176,0
DA:177,0
DA:181,0
DA:184,0
DA:186,0
DA:187,0
DA:191,0
DA:192,0
DA:193,0
DA:196,0
DA:197,0
DA:200,0
DA:203,0
DA:205,0
DA:217,0
DA:218,0
DA:224,0
DA:226,0
DA:231,0
DA:233,0
DA:234,0
DA:241,0
DA:242,0
DA:247,0
DA:248,0
DA:253,0
DA:254,0
DA:259,0
DA:260,0
DA:261,0
DA:262,0
DA:263,0
DA:264,0
DA:266,0
DA:270,1
LF:111
LH:6
BRDA:14,0,0,0
BRDA:14,0,1,0
BRDA:20,1,0,0
BRDA:20,1,1,0
BRDA:22,2,0,0
BRDA:22,2,1,0
BRDA:25,3,0,0
BRDA:25,3,1,0
BRDA:30,4,0,0
BRDA:30,4,1,0
BRDA:34,5,0,0
BRDA:34,5,1,0
BRDA:40,6,0,0
BRDA:40,6,1,0
BRDA:43,7,0,0
BRDA:43,7,1,0
BRDA:94,8,0,0
BRDA:94,8,1,0
BRDA:106,9,0,0
BRDA:106,9,1,0
BRDA:110,10,0,0
BRDA:110,10,1,0
BRDA:122,11,0,0
BRDA:122,11,1,0
BRDA:140,12,0,0
BRDA:140,12,1,0
BRDA:148,13,0,0
BRDA:148,13,1,0
BRDA:176,14,0,0
BRDA:176,14,1,0
BRDA:186,15,0,0
BRDA:186,15,1,0
BRDA:259,16,0,0
BRDA:259,16,1,0
BRDA:261,17,0,0
BRDA:261,17,1,0
BRDA:263,18,0,0
BRDA:263,18,1,0
BRF:38
BRH:0
end_of_record
TN:
SF:src\domain-providers\cacheService.js
FN:1,(anonymous_0)
FN:4,(anonymous_1)
FN:5,(anonymous_2)
FN:9,(anonymous_3)
FN:15,(anonymous_4)
FN:19,(anonymous_5)
FN:26,(anonymous_6)
FN:27,(anonymous_7)
FN:32,(anonymous_8)
FN:41,(anonymous_9)
FN:48,(anonymous_10)
FNF:11
FNH:7
FNDA:1,(anonymous_0)
FNDA:1,(anonymous_1)
FNDA:1,(anonymous_2)
FNDA:3,(anonymous_3)
FNDA:0,(anonymous_4)
FNDA:1,(anonymous_5)
FNDA:0,(anonymous_6)
FNDA:0,(anonymous_7)
FNDA:3,(anonymous_8)
FNDA:1,(anonymous_9)
FNDA:0,(anonymous_10)
DA:1,1
DA:4,1
DA:6,1
DA:7,1
DA:10,3
DA:11,3
DA:12,1
DA:13,1
DA:15,0
DA:20,1
DA:21,1
DA:22,1
DA:23,1
DA:24,0
DA:25,0
DA:26,0
DA:27,0
DA:28,0
DA:33,3
DA:34,3
DA:35,2
DA:36,0
DA:38,2
DA:42,1
DA:43,1
DA:44,0
DA:49,0
DA:50,0
DA:51,0
DA:56,1
LF:30
LH:19
BRDA:6,0,0,1
BRDA:6,0,1,0
BRDA:11,1,0,2
BRDA:11,1,1,1
BRDA:12,2,0,0
BRDA:12,2,1,1
BRDA:12,3,0,1
BRDA:12,3,1,1
BRDA:23,4,0,0
BRDA:23,4,1,1
BRDA:23,5,0,1
BRDA:23,5,1,1
BRDA:34,6,0,1
BRDA:34,6,1,2
BRDA:34,7,0,3
BRDA:34,7,1,1
BRDA:35,8,0,0
BRDA:35,8,1,2
BRDA:36,9,0,0
BRDA:36,9,1,0
BRDA:41,10,0,1
BRDA:41,11,0,1
BRDA:43,12,0,0
BRDA:43,12,1,1
BRDA:50,13,0,0
BRDA:50,13,1,0
BRF:26
BRH:17
end_of_record
TN:
SF:src\domain-providers\dataDiffService.js
FN:1,diffLists
FN:2,(anonymous_1)
FN:3,(anonymous_2)
FN:4,(anonymous_3)
FN:5,(anonymous_4)
FNF:5
FNH:3
FNDA:1,diffLists
FNDA:2,(anonymous_1)
FNDA:0,(anonymous_2)
FNDA:2,(anonymous_3)
FNDA:0,(anonymous_4)
DA:2,2
DA:3,1
DA:4,2
DA:5,1
DA:6,1
DA:9,1
LF:6
LH:6
BRDA:1,0,0,0
BRDA:1,1,0,0
BRDA:2,2,0,2
BRDA:2,2,1,0
BRDA:3,3,0,0
BRDA:3,3,1,0
BRF:6
BRH:1
end_of_record
TN:
SF:src\domain-providers\dbService.js
FN:4,(anonymous_0)
FN:10,(anonymous_1)
FN:30,(anonymous_2)
FN:43,(anonymous_3)
FN:44,(anonymous_4)
FN:46,(anonymous_5)
FN:58,(anonymous_6)
FN:59,(anonymous_7)
FN:61,(anonymous_8)
FN:65,(anonymous_9)
FN:69,(anonymous_10)
FN:73,(anonymous_11)
FN:77,(anonymous_12)
FN:82,(anonymous_13)
FN:84,(anonymous_14)
FN:89,(anonymous_15)
FN:91,(anonymous_16)
FN:96,(anonymous_17)
FN:101,(anonymous_18)
FN:104,(anonymous_19)
FN:111,(anonymous_20)
FN:112,(anonymous_21)
FN:113,(anonymous_22)
FN:115,(anonymous_23)
FN:124,(anonymous_24)
FN:125,(anonymous_25)
FN:126,(anonymous_26)
FN:128,(anonymous_27)
FN:136,(anonymous_28)
FN:137,(anonymous_29)
FN:138,(anonymous_30)
FN:139,(anonymous_31)
FN:147,(anonymous_32)
FN:148,(anonymous_33)
FN:149,(anonymous_34)
FN:150,(anonymous_35)
FN:152,(anonymous_36)
FN:160,(anonymous_37)
FN:161,(anonymous_38)
FN:162,(anonymous_39)
FN:163,(anonymous_40)
FN:165,(anonymous_41)
FN:178,(anonymous_42)
FN:185,(anonymous_43)
FN:186,(anonymous_44)
FN:197,(anonymous_45)
FN:205,(anonymous_46)
FN:212,(anonymous_47)
FN:220,(anonymous_48)
FN:232,(anonymous_49)
FN:352,(anonymous_50)
FN:363,(anonymous_51)
FN:364,(anonymous_52)
FN:371,(anonymous_53)
FN:382,(anonymous_54)
FN:383,(anonymous_55)
FN:390,(anonymous_56)
FN:402,(anonymous_57)
FN:403,(anonymous_58)
FN:410,(anonymous_59)
FN:415,(anonymous_60)
FNF:61
FNH:9
FNDA:1,(anonymous_0)
FNDA:1,(anonymous_1)
FNDA:0,(anonymous_2)
FNDA:0,(anonymous_3)
FNDA:0,(anonymous_4)
FNDA:1,(anonymous_5)
FNDA:6,(anonymous_6)
FNDA:0,(anonymous_7)
FNDA:0,(anonymous_8)
FNDA:0,(anonymous_9)
FNDA:0,(anonymous_10)
FNDA:0,(anonymous_11)
FNDA:0,(anonymous_12)
FNDA:0,(anonymous_13)
FNDA:0,(anonymous_14)
FNDA:0,(anonymous_15)
FNDA:0,(anonymous_16)
FNDA:0,(anonymous_17)
FNDA:1,(anonymous_18)
FNDA:0,(anonymous_19)
FNDA:0,(anonymous_20)
FNDA:0,(anonymous_21)
FNDA:0,(anonymous_22)
FNDA:0,(anonymous_23)
FNDA:0,(anonymous_24)
FNDA:0,(anonymous_25)
FNDA:0,(anonymous_26)
FNDA:0,(anonymous_27)
FNDA:0,(anonymous_28)
FNDA:0,(anonymous_29)
FNDA:0,(anonymous_30)
FNDA:0,(anonymous_31)
FNDA:0,(anonymous_32)
FNDA:0,(anonymous_33)
FNDA:0,(anonymous_34)
FNDA:0,(anonymous_35)
FNDA:0,(anonymous_36)
FNDA:0,(anonymous_37)
FNDA:0,(anonymous_38)
FNDA:0,(anonymous_39)
FNDA:0,(anonymous_40)
FNDA:0,(anonymous_41)
FNDA:0,(anonymous_42)
FNDA:0,(anonymous_43)
FNDA:0,(anonymous_44)
FNDA:0,(anonymous_45)
FNDA:0,(anonymous_46)
FNDA:0,(anonymous_47)
FNDA:1,(anonymous_48)
FNDA:1,(anonymous_49)
FNDA:0,(anonymous_50)
FNDA:0,(anonymous_51)
FNDA:0,(anonymous_52)
FNDA:1,(anonymous_53)
FNDA:0,(anonymous_54)
FNDA:0,(anonymous_55)
FNDA:0,(anonymous_56)
FNDA:0,(anonymous_57)
FNDA:0,(anonymous_58)
FNDA:1,(anonymous_59)
FNDA:0,(anonymous_60)
DA:1,1
DA:5,1
DA:6,1
DA:11,1
DA:12,1
DA:14,1
DA:18,1
DA:20,1
DA:21,0
DA:22,0
DA:23,0
DA:24,0
DA:25,0
DA:28,0
DA:29,0
DA:30,0
DA:31,0
DA:32,0
DA:34,0
DA:37,0
DA:39,0
DA:43,1
DA:44,1
DA:45,1
DA:47,1
DA:56,1
DA:60,0
DA:61,0
DA:62,0
DA:64,0
DA:65,0
DA:66,0
DA:68,0
DA:69,0
DA:70,0
DA:72,0
DA:73,0
DA:74,0
DA:76,0
DA:77,0
DA:78,0
DA:80,0
DA:81,0
DA:82,0
DA:83,0
DA:84,0
DA:85,0
DA:87,0
DA:88,0
DA:89,0
DA:90,0
DA:91,0
DA:92,0
DA:94,0
DA:95,0
DA:96,0
DA:97,0
DA:99,0
DA:102,1
DA:105,0
DA:106,0
DA:107,0
DA:108,0
DA:109,0
DA:110,0
DA:111,0
DA:112,0
DA:113,0
DA:115,0
DA:117,0
DA:118,0
DA:120,0
DA:121,0
DA:122,0
DA:123,0
DA:124,0
DA:125,0
DA:126,0
DA:128,0
DA:130,0
DA:131,0
DA:133,0
DA:134,0
DA:135,0
DA:136,0
DA:137,0
DA:138,0
DA:139,0
DA:140,0
DA:141,0
DA:143,0
DA:144,0
DA:145,0
DA:146,0
DA:147,0
DA:148,0
DA:149,0
DA:150,0
DA:152,0
DA:154,0
DA:155,0
DA:157,0
DA:158,0
DA:159,0
DA:160,0
DA:161,0
DA:162,0
DA:163,0
DA:165,0
DA:167,0
DA:168,0
DA:170,0
DA:171,0
DA:172,0
DA:173,0
DA:174,0
DA:176,0
DA:177,0
DA:178,0
DA:179,0
DA:180,0
DA:182,0
DA:183,0
DA:184,0
DA:185,0
DA:186,0
DA:187,0
DA:189,0
DA:190,0
DA:191,0
DA:192,0
DA:193,0
DA:195,0
DA:196,0
DA:197,0
DA:198,0
DA:199,0
DA:201,0
DA:202,0
DA:203,0
DA:204,0
DA:205,0
DA:206,0
DA:207,0
DA:209,0
DA:210,0
DA:211,0
DA:212,0
DA:213,0
DA:215,0
DA:216,0
DA:217,0
DA:218,0
DA:222,1
DA:223,0
DA:225,1
DA:226,1
DA:228,1
DA:234,1
DA:253,1
DA:267,1
DA:281,1
DA:292,1
DA:309,1
DA:319,1
DA:334,1
DA:335,1
DA:336,1
DA:337,1
DA:338,1
DA:339,1
DA:340,1
DA:342,0
DA:343,0
DA:344,0
DA:345,0
DA:346,0
DA:347,0
DA:353,0
DA:354,0
DA:355,0
DA:356,0
DA:357,0
DA:359,0
DA:360,0
DA:361,0
DA:363,0
DA:364,0
DA:365,0
DA:372,1
DA:373,1
DA:374,1
DA:375,0
DA:376,0
DA:378,1
DA:379,1
DA:380,1
DA:382,0
DA:383,0
DA:384,0
DA:391,0
DA:392,0
DA:393,0
DA:394,0
DA:395,0
DA:396,0
DA:398,0
DA:399,0
DA:400,0
DA:402,0
DA:403,0
DA:404,0
DA:411,1
DA:412,1
DA:413,1
DA:415,0
DA:421,1
LF:217
LH:42
BRDA:11,0,0,0
BRDA:11,0,1,1
BRDA:14,1,0,1
BRDA:14,1,1,0
BRDA:15,2,0,1
BRDA:15,2,1,0
BRDA:16,3,0,0
BRDA:16,3,1,0
BRDA:20,4,0,0
BRDA:20,4,1,1
BRDA:31,5,0,0
BRDA:31,5,1,0
BRDA:60,6,0,0
BRDA:60,6,1,0
BRDA:62,7,0,0
BRDA:62,7,1,0
BRDA:64,8,0,0
BRDA:64,8,1,0
BRDA:66,9,0,0
BRDA:66,9,1,0
BRDA:68,10,0,0
BRDA:68,10,1,0
BRDA:68,11,0,0
BRDA:68,11,1,0
BRDA:69,12,0,0
BRDA:69,12,1,0
BRDA:70,13,0,0
BRDA:70,13,1,0
BRDA:72,14,0,0
BRDA:72,14,1,0
BRDA:74,15,0,0
BRDA:74,15,1,0
BRDA:76,16,0,0
BRDA:76,16,1,0
BRDA:78,17,0,0
BRDA:78,17,1,0
BRDA:80,18,0,0
BRDA:80,18,1,0
BRDA:82,19,0,0
BRDA:82,19,1,0
BRDA:82,19,2,0
BRDA:83,20,0,0
BRDA:83,20,1,0
BRDA:84,21,0,0
BRDA:84,21,1,0
BRDA:87,22,0,0
BRDA:87,22,1,0
BRDA:89,23,0,0
BRDA:89,23,1,0
BRDA:89,23,2,0
BRDA:90,24,0,0
BRDA:90,24,1,0
BRDA:91,25,0,0
BRDA:91,25,1,0
BRDA:94,26,0,0
BRDA:94,26,1,0
BRDA:96,27,0,0
BRDA:96,27,1,0
BRDA:97,28,0,0
BRDA:97,28,1,0
BRDA:105,29,0,0
BRDA:105,29,1,0
BRDA:105,30,0,0
BRDA:105,30,1,0
BRDA:107,31,0,0
BRDA:107,31,1,0
BRDA:110,32,0,0
BRDA:110,32,1,0
BRDA:111,33,0,0
BRDA:111,33,1,0
BRDA:112,34,0,0
BRDA:112,34,1,0
BRDA:112,35,0,0
BRDA:112,35,1,0
BRDA:113,36,0,0
BRDA:113,36,1,0
BRDA:113,37,0,0
BRDA:113,37,1,0
BRDA:115,38,0,0
BRDA:115,38,1,0
BRDA:115,38,2,0
BRDA:115,38,3,0
BRDA:115,38,4,0
BRDA:115,38,5,0
BRDA:115,38,6,0
BRDA:120,39,0,0
BRDA:120,39,1,0
BRDA:123,40,0,0
BRDA:123,40,1,0
BRDA:124,41,0,0
BRDA:124,41,1,0
BRDA:125,42,0,0
BRDA:125,42,1,0
BRDA:125,43,0,0
BRDA:125,43,1,0
BRDA:126,44,0,0
BRDA:126,44,1,0
BRDA:126,45,0,0
BRDA:126,45,1,0
BRDA:126,46,0,0
BRDA:126,46,1,0
BRDA:128,47,0,0
BRDA:128,47,1,0
BRDA:128,47,2,0
BRDA:128,47,3,0
BRDA:128,47,4,0
BRDA:128,47,5,0
BRDA:128,47,6,0
BRDA:128,47,7,0
BRDA:128,47,8,0
BRDA:133,48,0,0
BRDA:133,48,1,0
BRDA:136,49,0,0
BRDA:136,49,1,0
BRDA:137,50,0,0
BRDA:137,50,1,0
BRDA:137,51,0,0
BRDA:137,51,1,0
BRDA:138,52,0,0
BRDA:138,52,1,0
BRDA:138,53,0,0
BRDA:138,53,1,0
BRDA:139,54,0,0
BRDA:139,54,1,0
BRDA:139,55,0,0
BRDA:139,55,1,0
BRDA:139,55,2,0
BRDA:139,56,0,0
BRDA:139,56,1,0
BRDA:143,57,0,0
BRDA:143,57,1,0
BRDA:146,58,0,0
BRDA:146,58,1,0
BRDA:147,59,0,0
BRDA:147,59,1,0
BRDA:148,60,0,0
BRDA:148,60,1,0
BRDA:148,61,0,0
BRDA:148,61,1,0
BRDA:149,62,0,0
BRDA:149,62,1,0
BRDA:149,63,0,0
BRDA:149,63,1,0
BRDA:150,64,0,0
BRDA:150,64,1,0
BRDA:150,65,0,0
BRDA:150,65,1,0
BRDA:152,66,0,0
BRDA:152,66,1,0
BRDA:152,66,2,0
BRDA:152,66,3,0
BRDA:152,66,4,0
BRDA:152,66,5,0
BRDA:152,66,6,0
BRDA:159,67,0,0
BRDA:159,67,1,0
BRDA:160,68,0,0
BRDA:160,68,1,0
BRDA:161,69,0,0
BRDA:161,69,1,0
BRDA:161,70,0,0
BRDA:161,70,1,0
BRDA:162,71,0,0
BRDA:162,71,1,0
BRDA:162,72,0,0
BRDA:162,72,1,0
BRDA:163,73,0,0
BRDA:163,73,1,0
BRDA:163,74,0,0
BRDA:163,74,1,0
BRDA:163,74,2,0
BRDA:163,75,0,0
BRDA:163,75,1,0
BRDA:165,76,0,0
BRDA:165,76,1,0
BRDA:165,76,2,0
BRDA:165,76,3,0
BRDA:165,76,4,0
BRDA:165,76,5,0
BRDA:165,76,6,0
BRDA:165,76,7,0
BRDA:165,76,8,0
BRDA:170,77,0,0
BRDA:170,77,1,0
BRDA:176,78,0,0
BRDA:176,78,1,0
BRDA:179,79,0,0
BRDA:179,79,1,0
BRDA:180,80,0,0
BRDA:180,80,1,0
BRDA:182,81,0,0
BRDA:182,81,1,0
BRDA:189,82,0,0
BRDA:189,82,1,0
BRDA:195,83,0,0
BRDA:195,83,1,0
BRDA:198,84,0,0
BRDA:198,84,1,0
BRDA:199,85,0,0
BRDA:199,85,1,0
BRDA:201,86,0,0
BRDA:201,86,1,0
BRDA:206,87,0,0
BRDA:206,87,1,0
BRDA:209,88,0,0
BRDA:209,88,1,0
BRDA:215,89,0,0
BRDA:215,89,1,0
BRDA:216,90,0,0
BRDA:216,90,1,0
BRDA:217,91,0,0
BRDA:217,91,1,0
BRDA:222,92,0,0
BRDA:222,92,1,1
BRDA:334,93,0,1
BRDA:334,93,1,0
BRDA:352,94,0,0
BRDA:353,95,0,0
BRDA:353,95,1,0
BRDA:354,96,0,0
BRDA:354,96,1,0
BRDA:355,97,0,0
BRDA:355,97,1,0
BRDA:359,98,0,0
BRDA:359,98,1,0
BRDA:359,99,0,0
BRDA:359,99,1,0
BRDA:365,100,0,0
BRDA:365,100,1,0
BRDA:371,101,0,1
BRDA:372,102,0,1
BRDA:372,102,1,0
BRDA:373,103,0,0
BRDA:373,103,1,1
BRDA:374,104,0,0
BRDA:374,104,1,1
BRDA:378,105,0,1
BRDA:378,105,1,0
BRDA:378,106,0,1
BRDA:378,106,1,1
BRDA:384,107,0,0
BRDA:384,107,1,0
BRDA:390,108,0,0
BRDA:391,109,0,0
BRDA:391,109,1,0
BRDA:392,110,0,0
BRDA:392,110,1,0
BRDA:393,111,0,0
BRDA:393,111,1,0
BRDA:396,112,0,0
BRDA:396,112,1,0
BRDA:396,113,0,0
BRDA:396,113,1,0
BRDA:398,114,0,0
BRDA:398,114,1,0
BRDA:398,115,0,0
BRDA:398,115,1,0
BRDA:404,116,0,0
BRDA:404,116,1,0
BRDA:411,117,0,1
BRDA:411,117,1,0
BRDA:412,118,0,1
BRDA:412,118,1,0
BRDA:412,119,0,1
BRDA:412,119,1,1
BRDA:415,120,0,0
BRDA:415,120,1,0
BRF:267
BRH:17
end_of_record
TN:
SF:src\domain-providers\official12306Api.js
FN:1,(anonymous_0)
FN:15,getAccessToken
FN:30,normalize
FN:55,mockSearch
FN:60,(anonymous_4)
FN:64,searchTrains
FN:82,tryConsume
FNF:7
FNH:3
FNDA:1,(anonymous_0)
FNDA:1,getAccessToken
FNDA:0,normalize
FNDA:0,mockSearch
FNDA:0,(anonymous_4)
FNDA:1,searchTrains
FNDA:0,tryConsume
DA:1,1
DA:2,1
DA:4,1
DA:13,1
DA:16,1
DA:17,1
DA:18,1
DA:19,1
DA:20,1
DA:21,1
DA:22,1
DA:23,1
DA:24,1
DA:25,0
DA:26,0
DA:27,0
DA:31,0
DA:32,0
DA:33,0
DA:34,0
DA:56,0
DA:60,0
DA:61,0
DA:65,1
DA:66,1
DA:67,1
DA:68,1
DA:69,1
DA:70,1
DA:71,0
DA:72,0
DA:73,0
DA:74,0
DA:75,0
DA:76,0
DA:77,0
DA:80,1
DA:81,1
DA:83,0
DA:84,0
DA:85,0
DA:86,0
LF:42
LH:21
BRDA:5,0,0,1
BRDA:5,0,1,1
BRDA:6,1,0,1
BRDA:6,1,1,1
BRDA:7,2,0,1
BRDA:7,2,1,1
BRDA:8,3,0,1
BRDA:8,3,1,1
BRDA:10,4,0,1
BRDA:10,4,1,1
BRDA:16,5,0,0
BRDA:16,5,1,1
BRDA:17,6,0,0
BRDA:17,6,1,1
BRDA:19,7,0,0
BRDA:19,7,1,1
BRDA:19,8,0,1
BRDA:19,8,1,0
BRDA:31,9,0,0
BRDA:31,9,1,0
BRDA:33,10,0,0
BRDA:33,10,1,0
BRDA:42,11,0,0
BRDA:42,11,1,0
BRDA:43,12,0,0
BRDA:43,12,1,0
BRDA:44,13,0,0
BRDA:44,13,1,0
BRDA:45,14,0,0
BRDA:45,14,1,0
BRDA:46,15,0,0
BRDA:46,15,1,0
BRDA:47,16,0,0
BRDA:47,16,1,0
BRDA:48,17,0,0
BRDA:48,17,1,0
BRDA:49,18,0,0
BRDA:49,18,1,0
BRDA:50,19,0,0
BRDA:50,19,1,0
BRDA:51,20,0,0
BRDA:51,20,1,0
BRDA:60,21,0,0
BRDA:60,21,1,0
BRDA:65,22,0,1
BRDA:65,22,1,1
BRDA:67,23,0,0
BRDA:67,23,1,1
BRDA:68,24,0,0
BRDA:68,24,1,1
BRDA:69,25,0,0
BRDA:69,25,1,1
BRDA:74,26,0,0
BRDA:74,26,1,0
BRDA:84,27,0,0
BRDA:84,27,1,0
BRDA:85,28,0,0
BRDA:85,28,1,0
BRF:58
BRH:19
end_of_record
TN:
SF:src\domain-providers\passengerDbService.js
FN:4,(anonymous_0)
FN:8,(anonymous_1)
FN:16,(anonymous_2)
FN:20,(anonymous_3)
FN:29,(anonymous_4)
FN:38,(anonymous_5)
FNF:6
FNH:0
FNDA:0,(anonymous_0)
FNDA:0,(anonymous_1)
FNDA:0,(anonymous_2)
FNDA:0,(anonymous_3)
FNDA:0,(anonymous_4)
FNDA:0,(anonymous_5)
DA:1,1
DA:5,0
DA:9,0
DA:10,0
DA:17,0
DA:21,0
DA:22,0
DA:26,0
DA:30,0
DA:31,0
DA:35,0
DA:39,0
DA:40,0
DA:44,1
LF:14
LH:2
BRDA:24,0,0,0
BRDA:24,0,1,0
BRDA:24,1,0,0
BRDA:24,1,1,0
BRDA:24,2,0,0
BRDA:24,2,1,0
BRDA:24,3,0,0
BRDA:24,3,1,0
BRDA:33,4,0,0
BRDA:33,4,1,0
BRDA:33,5,0,0
BRDA:33,5,1,0
BRDA:33,6,0,0
BRDA:33,6,1,0
BRDA:33,7,0,0
BRDA:33,7,1,0
BRF:16
BRH:0
end_of_record
TN:
SF:src\domain-providers\passengerService.js
FN:4,(anonymous_0)
FN:8,(anonymous_1)
FN:14,(anonymous_2)
FN:29,(anonymous_3)
FN:43,(anonymous_4)
FNF:5
FNH:0
FNDA:0,(anonymous_0)
FNDA:0,(anonymous_1)
FNDA:0,(anonymous_2)
FNDA:0,(anonymous_3)
FNDA:0,(anonymous_4)
DA:1,1
DA:5,0
DA:9,0
DA:10,0
DA:11,0
DA:15,0
DA:16,0
DA:17,0
DA:25,0
DA:26,0
DA:30,0
DA:31,0
DA:32,0
DA:39,0
DA:40,0
DA:44,0
DA:45,0
DA:46,0
DA:47,0
DA:51,1
LF:20
LH:2
BRDA:9,0,0,0
BRDA:9,0,1,0
BRDA:10,1,0,0
BRDA:10,1,1,0
BRDA:15,2,0,0
BRDA:15,2,1,0
BRDA:16,3,0,0
BRDA:16,3,1,0
BRDA:16,4,0,0
BRDA:16,4,1,0
BRDA:31,5,0,0
BRDA:31,5,1,0
BRDA:33,6,0,0
BRDA:33,6,1,0
BRDA:34,7,0,0
BRDA:34,7,1,0
BRDA:35,8,0,0
BRDA:35,8,1,0
BRDA:36,9,0,0
BRDA:36,9,1,0
BRDA:37,10,0,0
BRDA:37,10,1,0
BRDA:45,11,0,0
BRDA:45,11,1,0
BRF:24
BRH:0
end_of_record
TN:
SF:src\domain-providers\registrationDbService.js
FN:14,(anonymous_0)
FN:30,(anonymous_1)
FN:46,(anonymous_2)
FN:62,(anonymous_3)
FN:81,(anonymous_4)
FN:132,(anonymous_5)
FN:173,(anonymous_6)
FN:210,(anonymous_7)
FN:233,(anonymous_8)
FNF:9
FNH:0
FNDA:0,(anonymous_0)
FNDA:0,(anonymous_1)
FNDA:0,(anonymous_2)
FNDA:0,(anonymous_3)
FNDA:0,(anonymous_4)
FNDA:0,(anonymous_5)
FNDA:0,(anonymous_6)
FNDA:0,(anonymous_7)
FNDA:0,(anonymous_8)
DA:7,1
DA:8,1
DA:15,0
DA:16,0
DA:20,0
DA:22,0
DA:23,0
DA:31,0
DA:32,0
DA:36,0
DA:38,0
DA:39,0
DA:47,0
DA:48,0
DA:52,0
DA:54,0
DA:55,0
DA:63,0
DA:64,0
DA:65,0
DA:67,0
DA:71,0
DA:73,0
DA:74,0
DA:82,0
DA:84,0
DA:85,0
DA:88,0
DA:107,0
DA:109,0
DA:111,0
DA:113,0
DA:114,0
DA:115,0
DA:116,0
DA:117,0
DA:118,0
DA:119,0
DA:120,0
DA:122,0
DA:125,0
DA:133,0
DA:135,0
DA:138,0
DA:139,0
DA:142,0
DA:156,0
DA:165,0
DA:166,0
DA:174,0
DA:176,0
DA:183,0
DA:184,0
DA:188,0
DA:189,0
DA:190,0
DA:191,0
DA:195,0
DA:200,0
DA:202,0
DA:203,0
DA:211,0
DA:212,0
DA:213,0
DA:214,0
DA:216,0
DA:222,0
DA:224,0
DA:225,0
DA:234,0
DA:235,0
DA:236,0
DA:237,0
DA:240,0
DA:241,0
DA:248,0
DA:249,0
DA:251,0
DA:255,0
DA:256,0
DA:259,0
DA:262,0
DA:263,0
DA:264,0
DA:268,0
DA:269,0
DA:270,0
DA:272,0
DA:273,0
DA:274,0
DA:278,0
DA:283,0
DA:284,0
DA:286,0
DA:287,0
DA:292,1
LF:96
LH:3
BRDA:20,0,0,0
BRDA:20,0,1,0
BRDA:36,1,0,0
BRDA:36,1,1,0
BRDA:52,2,0,0
BRDA:52,2,1,0
BRDA:64,3,0,0
BRDA:64,3,1,0
BRDA:71,4,0,0
BRDA:71,4,1,0
BRDA:98,5,0,0
BRDA:98,5,1,0
BRDA:100,6,0,0
BRDA:100,6,1,0
BRDA:101,7,0,0
BRDA:101,7,1,0
BRDA:102,8,0,0
BRDA:102,8,1,0
BRDA:111,9,0,0
BRDA:111,9,1,0
BRDA:111,10,0,0
BRDA:111,10,1,0
BRDA:113,11,0,0
BRDA:113,11,1,0
BRDA:115,12,0,0
BRDA:115,12,1,0
BRDA:117,13,0,0
BRDA:117,13,1,0
BRDA:119,14,0,0
BRDA:119,14,1,0
BRDA:183,15,0,0
BRDA:183,15,1,0
BRDA:190,16,0,0
BRDA:190,16,1,0
BRDA:248,17,0,0
BRDA:248,17,1,0
BRDA:262,18,0,0
BRDA:262,18,1,0
BRDA:272,19,0,0
BRDA:272,19,1,0
BRF:40
BRH:0
end_of_record
TN:
SF:src\domain-providers\sessionService.js
FN:16,(anonymous_0)
FN:48,(anonymous_1)
FN:76,(anonymous_2)
FN:91,(anonymous_3)
FN:112,(anonymous_4)
FNF:5
FNH:0
FNDA:0,(anonymous_0)
FNDA:0,(anonymous_1)
FNDA:0,(anonymous_2)
FNDA:0,(anonymous_3)
FNDA:0,(anonymous_4)
DA:6,1
DA:7,1
DA:17,0
DA:21,0
DA:23,0
DA:24,0
DA:25,0
DA:28,0
DA:29,0
DA:30,0
DA:33,0
DA:38,0
DA:40,0
DA:41,0
DA:49,0
DA:50,0
DA:51,0
DA:54,0
DA:59,0
DA:60,0
DA:63,0
DA:68,0
DA:69,0
DA:77,0
DA:78,0
DA:83,0
DA:84,0
DA:92,0
DA:94,0
DA:102,0
DA:104,0
DA:105,0
DA:113,0
DA:115,0
DA:123,0
DA:125,0
DA:126,0
DA:131,1
LF:38
LH:3
BRDA:21,0,0,0
BRDA:21,0,1,0
BRDA:25,1,0,0
BRDA:25,1,1,0
BRDA:50,2,0,0
BRDA:50,2,1,0
BRDA:59,3,0,0
BRDA:59,3,1,0
BRF:8
BRH:0
end_of_record
TN:
SF:src\domain-providers\stationService.js
FN:4,loadData
FN:15,(anonymous_1)
FN:25,(anonymous_2)
FNF:3
FNH:0
FNDA:0,loadData
FNDA:0,(anonymous_1)
FNDA:0,(anonymous_2)
DA:1,1
DA:2,1
DA:5,0
DA:6,0
DA:7,0
DA:8,0
DA:10,0
DA:16,0
DA:17,0
DA:18,0
DA:19,0
DA:20,0
DA:22,0
DA:26,0
DA:27,0
DA:28,0
DA:29,0
DA:33,1
LF:18
LH:3
BRDA:19,0,0,0
BRDA:19,0,1,0
BRDA:20,1,0,0
BRDA:20,1,1,0
BRDA:26,2,0,0
BRDA:26,2,1,0
BRDA:27,3,0,0
BRDA:27,3,1,0
BRF:8
BRH:0
end_of_record
TN:
SF:src\domain-providers\ticketService.js
FN:2,(anonymous_0)
FNF:1
FNH:0
FNDA:0,(anonymous_0)
DA:3,0
DA:4,0
DA:5,0
DA:6,0
DA:10,1
LF:5
LH:1
BRDA:3,0,0,0
BRDA:3,0,1,0
BRDA:3,1,0,0
BRDA:3,1,1,0
BRDA:3,2,0,0
BRDA:3,2,1,0
BRDA:6,3,0,0
BRDA:6,3,1,0
BRDA:6,4,0,0
BRDA:6,4,1,0
BRF:10
BRH:0
end_of_record
TN:
SF:src\domain-providers\trainDatasetService.js
FN:4,baseDir
FN:10,pickDirs
FN:24,safeReadJson
FN:33,toTrainItem
FN:57,search
FNF:5
FNH:3
FNDA:2,baseDir
FNDA:2,pickDirs
FNDA:0,safeReadJson
FNDA:0,toTrainItem
FNDA:2,search
DA:1,1
DA:2,1
DA:5,2
DA:6,2
DA:7,2
DA:11,2
DA:12,2
DA:13,2
DA:14,0
DA:15,0
DA:17,2
DA:18,2
DA:19,2
DA:21,2
DA:25,0
DA:26,0
DA:27,0
DA:29,0
DA:34,0
DA:35,0
DA:36,0
DA:37,0
DA:38,0
DA:39,0
DA:40,0
DA:41,0
DA:42,0
DA:43,0
DA:58,2
DA:59,2
DA:60,2
DA:61,2
DA:62,6
DA:63,0
DA:64,0
DA:65,0
DA:66,0
DA:67,0
DA:68,0
DA:69,0
DA:70,0
DA:71,0
DA:75,2
DA:77,0
DA:81,1
LF:45
LH:19
BRDA:6,0,0,0
BRDA:6,0,1,2
BRDA:13,1,0,0
BRDA:13,1,1,2
BRDA:34,2,0,0
BRDA:34,2,1,0
BRDA:34,2,2,0
BRDA:34,2,3,0
BRDA:35,3,0,0
BRDA:35,3,1,0
BRDA:35,4,0,0
BRDA:35,4,1,0
BRDA:36,5,0,0
BRDA:36,5,1,0
BRDA:36,5,2,0
BRDA:36,5,3,0
BRDA:37,6,0,0
BRDA:37,6,1,0
BRDA:37,7,0,0
BRDA:37,7,1,0
BRDA:38,8,0,0
BRDA:38,8,1,0
BRDA:38,8,2,0
BRDA:38,8,3,0
BRDA:39,9,0,0
BRDA:39,9,1,0
BRDA:39,9,2,0
BRDA:39,9,3,0
BRDA:40,10,0,0
BRDA:40,10,1,0
BRDA:41,11,0,0
BRDA:41,11,1,0
BRDA:42,12,0,0
BRDA:42,12,1,0
BRDA:45,13,0,0
BRDA:45,13,1,0
BRDA:45,13,2,0
BRDA:62,14,0,6
BRDA:62,14,1,0
BRDA:67,15,0,0
BRDA:67,15,1,0
BRDA:70,16,0,0
BRDA:70,16,1,0
BRDA:70,17,0,0
BRDA:70,17,1,0
BRF:45
BRH:3
end_of_record
TN:
SF:src\message-catalog\messages.js
FNF:0
FNH:0
DA:1,1
LF:1
LH:1
BRF:0
BRH:0
end_of_record
TN:
SF:src\monitoring\metrics.js
FN:2,(anonymous_0)
FN:8,(anonymous_1)
FN:15,(anonymous_2)
FN:17,(anonymous_3)
FN:21,(anonymous_4)
FNF:5
FNH:2
FNDA:1,(anonymous_0)
FNDA:1,(anonymous_1)
FNDA:0,(anonymous_2)
FNDA:0,(anonymous_3)
FNDA:0,(anonymous_4)
DA:3,1
DA:4,1
DA:5,1
DA:6,1
DA:9,1
DA:10,1
DA:11,1
DA:12,1
DA:13,1
DA:16,0
DA:17,0
DA:18,0
DA:19,0
DA:22,0
DA:26,1
LF:15
LH:10
BRDA:8,0,0,0
BRDA:10,1,0,0
BRDA:10,1,1,1
BRDA:13,2,0,0
BRDA:13,2,1,1
BRDA:16,3,0,0
BRDA:16,3,1,0
BRDA:22,4,0,0
BRDA:22,4,1,0
BRF:9
BRH:2
end_of_record
TN:
SF:src\request-handlers\authController.js
FN:10,(anonymous_0)
FN:44,(anonymous_1)
FN:92,(anonymous_2)
FN:138,(anonymous_3)
FN:163,(anonymous_4)
FNF:5
FNH:0
FNDA:0,(anonymous_0)
FNDA:0,(anonymous_1)
FNDA:0,(anonymous_2)
FNDA:0,(anonymous_3)
FNDA:0,(anonymous_4)
DA:1,1
DA:2,1
DA:3,1
DA:11,0
DA:12,0
DA:14,0
DA:15,0
DA:16,0
DA:17,0
DA:18,0
DA:21,0
DA:22,0
DA:25,0
DA:26,0
DA:27,0
DA:30,0
DA:31,0
DA:33,0
DA:35,0
DA:36,0
DA:45,0
DA:46,0
DA:48,0
DA:49,0
DA:50,0
DA:53,0
DA:54,0
DA:55,0
DA:57,0
DA:58,0
DA:60,0
DA:63,0
DA:64,0
DA:65,0
DA:68,0
DA:69,0
DA:70,0
DA:71,0
DA:72,0
DA:75,0
DA:76,0
DA:77,0
DA:78,0
DA:81,0
DA:83,0
DA:84,0
DA:93,0
DA:94,0
DA:96,0
DA:97,0
DA:98,0
DA:101,0
DA:102,0
DA:103,0
DA:104,0
DA:105,0
DA:107,0
DA:110,0
DA:111,0
DA:112,0
DA:113,0
DA:114,0
DA:115,0
DA:118,0
DA:119,0
DA:120,0
DA:123,0
DA:124,0
DA:125,0
DA:127,0
DA:130,0
DA:132,0
DA:133,0
DA:139,0
DA:140,0
DA:154,0
DA:155,0
DA:164,0
DA:165,0
DA:181,0
DA:182,0
DA:190,1
LF:82
LH:4
BRDA:15,0,0,0
BRDA:15,0,1,0
BRDA:15,1,0,0
BRDA:15,1,1,0
BRDA:16,2,0,0
BRDA:16,2,1,0
BRDA:16,3,0,0
BRDA:16,3,1,0
BRDA:17,4,0,0
BRDA:17,4,1,0
BRDA:21,5,0,0
BRDA:21,5,1,0
BRDA:26,6,0,0
BRDA:26,6,1,0
BRDA:48,7,0,0
BRDA:48,7,1,0
BRDA:48,8,0,0
BRDA:48,8,1,0
BRDA:49,9,0,0
BRDA:49,9,1,0
BRDA:49,10,0,0
BRDA:49,10,1,0
BRDA:54,11,0,0
BRDA:54,11,1,0
BRDA:57,12,0,0
BRDA:57,12,1,0
BRDA:63,13,0,0
BRDA:63,13,1,0
BRDA:64,14,0,0
BRDA:64,14,1,0
BRDA:71,15,0,0
BRDA:71,15,1,0
BRDA:96,16,0,0
BRDA:96,16,1,0
BRDA:96,17,0,0
BRDA:96,17,1,0
BRDA:97,18,0,0
BRDA:97,18,1,0
BRDA:101,19,0,0
BRDA:101,19,1,0
BRDA:103,20,0,0
BRDA:103,20,1,0
BRDA:104,21,0,0
BRDA:104,21,1,0
BRDA:110,22,0,0
BRDA:110,22,1,0
BRDA:114,23,0,0
BRDA:114,23,1,0
BRDA:119,24,0,0
BRDA:119,24,1,0
BRF:50
BRH:0
end_of_record
TN:
SF:src\request-handlers\orderController.js
FN:6,loadTrainData
FN:16,priceFor
FN:18,(anonymous_2)
FN:32,(anonymous_3)
FN:93,(anonymous_4)
FN:102,(anonymous_5)
FN:114,(anonymous_6)
FN:127,(anonymous_7)
FNF:8
FNH:0
FNDA:0,loadTrainData
FNDA:0,priceFor
FNDA:0,(anonymous_2)
FNDA:0,(anonymous_3)
FNDA:0,(anonymous_4)
FNDA:0,(anonymous_5)
FNDA:0,(anonymous_6)
FNDA:0,(anonymous_7)
DA:1,1
DA:2,1
DA:3,1
DA:4,1
DA:7,0
DA:8,0
DA:9,0
DA:10,0
DA:12,0
DA:17,0
DA:18,0
DA:19,0
DA:20,0
DA:21,0
DA:22,0
DA:23,0
DA:24,0
DA:25,0
DA:26,0
DA:27,0
DA:33,0
DA:34,0
DA:35,0
DA:36,0
DA:38,0
DA:39,0
DA:40,0
DA:42,0
DA:43,0
DA:44,0
DA:46,0
DA:62,0
DA:72,0
DA:78,0
DA:79,0
DA:80,0
DA:81,0
DA:87,0
DA:89,0
DA:94,0
DA:95,0
DA:96,0
DA:98,0
DA:103,0
DA:104,0
DA:105,0
DA:106,0
DA:107,0
DA:108,0
DA:110,0
DA:115,0
DA:116,0
DA:117,0
DA:118,0
DA:119,0
DA:120,0
DA:121,0
DA:123,0
DA:128,0
DA:129,0
DA:130,0
DA:131,0
DA:133,0
DA:134,0
DA:136,0
DA:141,1
LF:66
LH:5
BRDA:19,0,0,0
BRDA:19,0,1,0
BRDA:20,1,0,0
BRDA:20,1,1,0
BRDA:21,2,0,0
BRDA:21,2,1,0
BRDA:21,2,2,0
BRDA:21,2,3,0
BRDA:21,2,4,0
BRDA:21,2,5,0
BRDA:22,3,0,0
BRDA:22,3,1,0
BRDA:23,4,0,0
BRDA:23,4,1,0
BRDA:24,5,0,0
BRDA:24,5,1,0
BRDA:25,6,0,0
BRDA:25,6,1,0
BRDA:26,7,0,0
BRDA:26,7,1,0
BRDA:35,8,0,0
BRDA:35,8,1,0
BRDA:35,9,0,0
BRDA:35,9,1,0
BRDA:35,9,2,0
BRDA:35,9,3,0
BRDA:35,9,4,0
BRDA:35,9,5,0
BRDA:39,10,0,0
BRDA:39,10,1,0
BRDA:39,11,0,0
BRDA:39,11,1,0
BRDA:39,11,2,0
BRDA:79,12,0,0
BRDA:79,12,1,0
BRDA:106,13,0,0
BRDA:106,13,1,0
BRDA:118,14,0,0
BRDA:118,14,1,0
BRDA:130,15,0,0
BRDA:130,15,1,0
BRDA:130,16,0,0
BRDA:130,16,1,0
BRDA:130,16,2,0
BRDA:130,16,3,0
BRF:45
BRH:0
end_of_record
TN:
SF:src\request-handlers\passengerController.js
FN:4,(anonymous_0)
FN:15,(anonymous_1)
FN:27,(anonymous_2)
FN:38,(anonymous_3)
FN:50,(anonymous_4)
FNF:5
FNH:0
FNDA:0,(anonymous_0)
FNDA:0,(anonymous_1)
FNDA:0,(anonymous_2)
FNDA:0,(anonymous_3)
FNDA:0,(anonymous_4)
DA:1,1
DA:5,0
DA:6,0
DA:7,0
DA:8,0
DA:9,0
DA:11,0
DA:16,0
DA:17,0
DA:18,0
DA:19,0
DA:20,0
DA:21,0
DA:23,0
DA:28,0
DA:29,0
DA:30,0
DA:31,0
DA:32,0
DA:34,0
DA:39,0
DA:40,0
DA:41,0
DA:42,0
DA:43,0
DA:44,0
DA:46,0
DA:51,0
DA:52,0
DA:53,0
DA:54,0
DA:55,0
DA:56,0
DA:58,0
DA:63,1
LF:35
LH:2
BRDA:6,0,0,0
BRDA:6,0,1,0
BRDA:7,1,0,0
BRDA:7,1,1,0
BRDA:17,2,0,0
BRDA:17,2,1,0
BRDA:18,3,0,0
BRDA:18,3,1,0
BRDA:19,4,0,0
BRDA:19,4,1,0
BRDA:30,5,0,0
BRDA:30,5,1,0
BRDA:31,6,0,0
BRDA:31,6,1,0
BRDA:42,7,0,0
BRDA:42,7,1,0
BRDA:43,8,0,0
BRDA:43,8,1,0
BRDA:52,9,0,0
BRDA:52,9,1,0
BRDA:55,10,0,0
BRDA:55,10,1,0
BRF:22
BRH:0
end_of_record
TN:
SF:src\request-handlers\trainController.js
FN:9,loadTraeFallback
FN:19,toResultItem
FN:50,fetchDbTrains
FN:53,(anonymous_3)
FN:54,(anonymous_4)
FN:57,(anonymous_5)
FN:69,(anonymous_6)
FN:70,(anonymous_7)
FN:71,(anonymous_8)
FN:72,(anonymous_9)
FN:73,(anonymous_10)
FN:74,(anonymous_11)
FN:75,(anonymous_12)
FN:76,(anonymous_13)
FN:78,(anonymous_14)
FN:87,(anonymous_15)
FN:115,(anonymous_16)
FN:153,(anonymous_17)
FN:184,(anonymous_18)
FN:188,(anonymous_19)
FN:198,(anonymous_20)
FNF:21
FNH:6
FNDA:1,loadTraeFallback
FNDA:2,toResultItem
FNDA:1,fetchDbTrains
FNDA:0,(anonymous_3)
FNDA:1,(anonymous_4)
FNDA:0,(anonymous_5)
FNDA:0,(anonymous_6)
FNDA:0,(anonymous_7)
FNDA:0,(anonymous_8)
FNDA:0,(anonymous_9)
FNDA:0,(anonymous_10)
FNDA:0,(anonymous_11)
FNDA:0,(anonymous_12)
FNDA:0,(anonymous_13)
FNDA:0,(anonymous_14)
FNDA:0,(anonymous_15)
FNDA:3,(anonymous_16)
FNDA:2,(anonymous_17)
FNDA:0,(anonymous_18)
FNDA:0,(anonymous_19)
FNDA:0,(anonymous_20)
DA:1,1
DA:2,1
DA:3,1
DA:4,1
DA:5,1
DA:6,1
DA:7,1
DA:10,1
DA:11,1
DA:12,1
DA:13,1
DA:15,0
DA:20,2
DA:21,2
DA:22,2
DA:23,2
DA:24,2
DA:25,2
DA:26,2
DA:27,2
DA:28,2
DA:29,2
DA:51,1
DA:52,1
DA:53,1
DA:54,1
DA:55,1
DA:56,0
DA:57,0
DA:58,0
DA:59,0
DA:60,0
DA:61,0
DA:62,0
DA:63,0
DA:65,1
DA:67,1
DA:68,1
DA:69,0
DA:70,0
DA:71,0
DA:72,0
DA:73,0
DA:74,0
DA:75,0
DA:76,0
DA:77,0
DA:78,0
DA:79,0
DA:80,0
DA:81,0
DA:82,0
DA:83,0
DA:85,0
DA:87,0
DA:88,0
DA:89,0
DA:96,0
DA:110,0
DA:116,3
DA:117,3
DA:118,3
DA:119,3
DA:120,1
DA:122,2
DA:123,2
DA:124,2
DA:125,2
DA:126,2
DA:127,1
DA:129,1
DA:130,1
DA:131,1
DA:132,0
DA:133,0
DA:139,1
DA:140,1
DA:141,1
DA:142,0
DA:145,1
DA:146,1
DA:147,1
DA:148,0
DA:151,1
DA:152,1
DA:153,1
DA:154,2
DA:155,2
DA:156,2
DA:157,2
DA:158,2
DA:159,0
DA:161,2
DA:164,1
DA:165,1
DA:166,1
DA:167,1
DA:169,1
DA:170,1
DA:171,1
DA:172,1
DA:173,1
DA:176,1
DA:178,0
DA:179,0
DA:180,0
DA:185,0
DA:186,0
DA:187,0
DA:188,0
DA:189,0
DA:190,0
DA:192,0
DA:194,0
DA:199,0
DA:200,0
DA:201,0
DA:202,0
DA:203,0
DA:204,0
DA:205,0
DA:206,0
DA:207,0
DA:209,0
DA:211,0
DA:216,1
LF:126
LH:69
BRDA:20,0,0,2
BRDA:20,0,1,0
BRDA:21,1,0,2
BRDA:21,1,1,0
BRDA:23,2,0,2
BRDA:23,2,1,0
BRDA:40,3,0,2
BRDA:40,3,1,0
BRDA:41,4,0,2
BRDA:41,4,1,0
BRDA:42,5,0,2
BRDA:42,5,1,0
BRDA:45,6,0,2
BRDA:45,6,1,2
BRDA:46,7,0,2
BRDA:46,7,1,2
BRDA:57,8,0,0
BRDA:57,8,1,0
BRDA:58,9,0,0
BRDA:58,9,1,0
BRDA:58,9,2,0
BRDA:58,9,3,0
BRDA:59,10,0,0
BRDA:59,10,1,0
BRDA:59,10,2,0
BRDA:59,10,3,0
BRDA:60,11,0,0
BRDA:60,11,1,0
BRDA:60,11,2,0
BRDA:60,11,3,0
BRDA:61,12,0,0
BRDA:61,12,1,0
BRDA:62,13,0,0
BRDA:62,13,1,0
BRDA:63,14,0,0
BRDA:63,14,1,0
BRDA:63,15,0,0
BRDA:63,15,1,0
BRDA:63,15,2,0
BRDA:63,15,3,0
BRDA:63,15,4,0
BRDA:68,16,0,1
BRDA:68,16,1,0
BRDA:69,17,0,0
BRDA:69,17,1,0
BRDA:70,18,0,0
BRDA:70,18,1,0
BRDA:71,19,0,0
BRDA:71,19,1,0
BRDA:72,20,0,0
BRDA:72,20,1,0
BRDA:73,21,0,0
BRDA:73,21,1,0
BRDA:74,22,0,0
BRDA:74,22,1,0
BRDA:75,23,0,0
BRDA:75,23,1,0
BRDA:76,24,0,0
BRDA:76,24,1,0
BRDA:79,25,0,0
BRDA:79,25,1,0
BRDA:80,26,0,0
BRDA:80,26,1,0
BRDA:81,27,0,0
BRDA:81,27,1,0
BRDA:82,28,0,0
BRDA:82,28,1,0
BRDA:82,29,0,0
BRDA:82,29,1,0
BRDA:82,29,2,0
BRDA:82,29,3,0
BRDA:83,30,0,0
BRDA:83,30,1,0
BRDA:88,31,0,0
BRDA:88,31,1,0
BRDA:90,32,0,0
BRDA:90,32,1,0
BRDA:90,33,0,0
BRDA:90,33,1,0
BRDA:90,33,2,0
BRDA:91,34,0,0
BRDA:91,34,1,0
BRDA:91,35,0,0
BRDA:91,35,1,0
BRDA:91,35,2,0
BRDA:92,36,0,0
BRDA:92,36,1,0
BRDA:92,37,0,0
BRDA:92,37,1,0
BRDA:92,37,2,0
BRDA:93,38,0,0
BRDA:93,38,1,0
BRDA:93,39,0,0
BRDA:93,39,1,0
BRDA:93,39,2,0
BRDA:94,40,0,0
BRDA:94,40,1,0
BRDA:94,41,0,0
BRDA:94,41,1,0
BRDA:94,41,2,0
BRDA:98,42,0,0
BRDA:98,42,1,0
BRDA:98,43,0,0
BRDA:98,43,1,0
BRDA:102,44,0,0
BRDA:102,44,1,0
BRDA:103,45,0,0
BRDA:103,45,1,0
BRDA:104,46,0,0
BRDA:104,46,1,0
BRDA:119,47,0,1
BRDA:119,47,1,2
BRDA:119,48,0,3
BRDA:119,48,1,3
BRDA:119,48,2,3
BRDA:124,49,0,2
BRDA:124,49,1,2
BRDA:126,50,0,1
BRDA:126,50,1,1
BRDA:129,51,0,1
BRDA:129,51,1,0
BRDA:132,52,0,0
BRDA:132,52,1,0
BRDA:132,53,0,0
BRDA:132,53,1,0
BRDA:141,54,0,0
BRDA:141,54,1,1
BRDA:141,55,0,1
BRDA:141,55,1,1
BRDA:147,56,0,0
BRDA:147,56,1,1
BRDA:147,57,0,1
BRDA:147,57,1,1
BRDA:148,58,0,0
BRDA:148,58,1,0
BRDA:151,59,0,1
BRDA:151,59,1,0
BRDA:156,60,0,2
BRDA:156,60,1,2
BRDA:157,61,0,0
BRDA:157,61,1,2
BRDA:158,62,0,0
BRDA:158,62,1,2
BRDA:159,63,0,0
BRDA:159,63,1,0
BRDA:159,63,2,0
BRDA:170,64,0,1
BRDA:170,64,1,0
BRDA:172,65,0,1
BRDA:172,65,1,0
BRDA:172,66,0,1
BRDA:172,66,1,0
BRDA:189,67,0,0
BRDA:189,67,1,0
BRF:154
BRH:35
end_of_record
TN:
SF:src\request-interceptors\errorHandler.js
FN:1,(anonymous_0)
FNF:1
FNH:0
FNDA:0,(anonymous_0)
DA:1,1
DA:2,0
DA:3,0
DA:4,0
DA:5,0
LF:5
LH:1
BRDA:2,0,0,0
BRDA:2,0,1,0
BRDA:3,1,0,0
BRDA:3,1,1,0
BRDA:4,2,0,0
BRDA:4,2,1,0
BRF:6
BRH:0
end_of_record
TN:
SF:src\route-manifests\auth.js
FNF:0
FNH:0
DA:1,1
DA:2,1
DA:4,1
DA:7,1
DA:10,1
DA:13,1
DA:16,1
DA:19,1
DA:21,1
LF:9
LH:9
BRF:0
BRH:0
end_of_record
TN:
SF:src\route-manifests\metrics.js
FN:6,(anonymous_0)
FNF:1
FNH:0
FNDA:0,(anonymous_0)
DA:1,1
DA:2,1
DA:4,1
DA:6,1
DA:7,0
DA:10,1
LF:6
LH:5
BRF:0
BRH:0
end_of_record
TN:
SF:src\route-manifests\orders.js
FNF:0
FNH:0
DA:1,1
DA:2,1
DA:4,1
DA:7,1
DA:10,1
DA:13,1
DA:16,1
DA:19,1
DA:21,1
LF:9
LH:9
BRF:0
BRH:0
end_of_record
TN:
SF:src\route-manifests\passengers.js
FNF:0
FNH:0
DA:1,1
DA:2,1
DA:4,1
DA:6,1
DA:7,1
DA:8,1
DA:9,1
DA:10,1
DA:12,1
LF:9
LH:9
BRF:0
BRH:0
end_of_record
TN:
SF:src\route-manifests\stations.js
FN:6,(anonymous_0)
FN:11,(anonymous_1)
FNF:2
FNH:0
FNDA:0,(anonymous_0)
FNDA:0,(anonymous_1)
DA:1,1
DA:2,1
DA:4,1
DA:6,1
DA:7,0
DA:8,0
DA:11,1
DA:12,0
DA:13,0
DA:14,0
DA:17,1
LF:11
LH:6
BRF:0
BRH:0
end_of_record
TN:
SF:src\route-manifests\tickets.js
FN:6,(anonymous_0)
FNF:1
FNH:0
FNDA:0,(anonymous_0)
DA:1,1
DA:2,1
DA:4,1
DA:6,1
DA:7,0
DA:8,0
DA:9,0
DA:12,1
LF:8
LH:5
BRF:0
BRH:0
end_of_record
TN:
SF:src\route-manifests\trains.js
FNF:0
FNH:0
DA:1,1
DA:2,1
DA:4,1
DA:7,1
DA:10,1
DA:13,1
DA:15,1
LF:7
LH:7
BRF:0
BRH:0
end_of_record
