TN:
SF:src\app.js
FN:25,(anonymous_0)
FN:33,(anonymous_1)
FN:38,(anonymous_2)
FNF:3
FNH:0
FNDA:0,(anonymous_0)
FNDA:0,(anonymous_1)
FNDA:0,(anonymous_2)
DA:1,1
DA:2,1
DA:3,1
DA:4,1
DA:6,1
DA:7,1
DA:8,1
DA:10,1
DA:11,1
DA:14,1
DA:15,1
DA:16,1
DA:17,1
DA:20,1
DA:21,1
DA:22,1
DA:25,1
DA:26,0
DA:30,1
DA:33,1
DA:34,0
DA:37,1
DA:38,0
DA:39,0
DA:43,1
LF:25
LH:21
BRDA:11,0,0,1
BRDA:11,0,1,1
BRDA:37,1,0,0
BRDA:37,1,1,1
BRF:4
BRH:3
end_of_record
TN:
SF:src\controllers\authController.js
FN:6,(anonymous_0)
FN:70,(anonymous_1)
FN:182,(anonymous_2)
FN:290,(anonymous_3)
FN:315,(anonymous_4)
FNF:5
FNH:0
FNDA:0,(anonymous_0)
FNDA:0,(anonymous_1)
FNDA:0,(anonymous_2)
FNDA:0,(anonymous_3)
FNDA:0,(anonymous_4)
DA:1,1
DA:2,1
DA:7,0
DA:8,0
DA:11,0
DA:12,0
DA:13,0
DA:15,0
DA:16,0
DA:19,0
DA:20,0
DA:27,0
DA:28,0
DA:35,0
DA:37,0
DA:38,0
DA:45,0
DA:48,0
DA:54,0
DA:61,0
DA:62,0
DA:71,0
DA:72,0
DA:74,0
DA:77,0
DA:80,0
DA:82,0
DA:83,0
DA:86,0
DA:87,0
DA:88,0
DA:95,0
DA:97,0
DA:98,0
DA:99,0
DA:105,0
DA:106,0
DA:112,0
DA:113,0
DA:119,0
DA:129,0
DA:131,0
DA:132,0
DA:133,0
DA:140,0
DA:141,0
DA:144,0
DA:145,0
DA:146,0
DA:153,0
DA:156,0
DA:159,0
DA:161,0
DA:168,0
DA:173,0
DA:174,0
DA:183,0
DA:184,0
DA:187,0
DA:189,0
DA:190,0
DA:191,0
DA:192,0
DA:195,0
DA:196,0
DA:203,0
DA:204,0
DA:206,0
DA:208,0
DA:209,0
DA:215,0
DA:225,0
DA:226,0
DA:227,0
DA:230,0
DA:232,0
DA:233,0
DA:240,0
DA:241,0
DA:243,0
DA:244,0
DA:251,0
DA:252,0
DA:259,0
DA:261,0
DA:276,0
DA:281,0
DA:282,0
DA:291,0
DA:292,0
DA:306,0
DA:307,0
DA:316,0
DA:317,0
DA:333,0
DA:334,0
DA:342,1
LF:97
LH:3
BRDA:12,0,0,0
BRDA:12,0,1,0
BRDA:12,1,0,0
BRDA:12,1,1,0
BRDA:15,2,0,0
BRDA:15,2,1,0
BRDA:15,3,0,0
BRDA:15,3,1,0
BRDA:19,4,0,0
BRDA:19,4,1,0
BRDA:27,5,0,0
BRDA:27,5,1,0
BRDA:37,6,0,0
BRDA:37,6,1,0
BRDA:80,7,0,0
BRDA:80,7,1,0
BRDA:80,8,0,0
BRDA:80,8,1,0
BRDA:82,9,0,0
BRDA:82,9,1,0
BRDA:82,10,0,0
BRDA:82,10,1,0
BRDA:86,11,0,0
BRDA:86,11,1,0
BRDA:97,12,0,0
BRDA:97,12,1,0
BRDA:105,13,0,0
BRDA:105,13,1,0
BRDA:112,14,0,0
BRDA:112,14,1,0
BRDA:129,15,0,0
BRDA:129,15,1,0
BRDA:131,16,0,0
BRDA:131,16,1,0
BRDA:145,17,0,0
BRDA:145,17,1,0
BRDA:189,18,0,0
BRDA:189,18,1,0
BRDA:191,19,0,0
BRDA:191,19,1,0
BRDA:195,20,0,0
BRDA:195,20,1,0
BRDA:203,21,0,0
BRDA:203,21,1,0
BRDA:206,22,0,0
BRDA:206,22,1,0
BRDA:208,23,0,0
BRDA:208,23,1,0
BRDA:225,24,0,0
BRDA:225,24,1,0
BRDA:232,25,0,0
BRDA:232,25,1,0
BRDA:243,26,0,0
BRDA:243,26,1,0
BRF:54
BRH:0
end_of_record
TN:
SF:src\controllers\registerController.js
FN:16,(anonymous_0)
FN:69,(anonymous_1)
FN:119,(anonymous_2)
FN:131,(anonymous_3)
FN:167,(anonymous_4)
FN:208,(anonymous_5)
FN:244,(anonymous_6)
FN:281,(anonymous_7)
FN:379,(anonymous_8)
FN:448,(anonymous_9)
FN:526,(anonymous_10)
FN:543,(anonymous_11)
FNF:12
FNH:0
FNDA:0,(anonymous_0)
FNDA:0,(anonymous_1)
FNDA:0,(anonymous_2)
FNDA:0,(anonymous_3)
FNDA:0,(anonymous_4)
FNDA:0,(anonymous_5)
FNDA:0,(anonymous_6)
FNDA:0,(anonymous_7)
FNDA:0,(anonymous_8)
FNDA:0,(anonymous_9)
FNDA:0,(anonymous_10)
FNDA:0,(anonymous_11)
DA:8,1
DA:9,1
DA:10,1
DA:17,0
DA:18,0
DA:21,0
DA:22,0
DA:28,0
DA:29,0
DA:36,0
DA:37,0
DA:38,0
DA:45,0
DA:46,0
DA:47,0
DA:53,0
DA:58,0
DA:59,0
DA:70,0
DA:71,0
DA:74,0
DA:75,0
DA:82,0
DA:83,0
DA:84,0
DA:91,0
DA:92,0
DA:93,0
DA:94,0
DA:96,0
DA:97,0
DA:103,0
DA:108,0
DA:109,0
DA:120,0
DA:121,0
DA:123,0
DA:124,0
DA:131,0
DA:132,0
DA:135,0
DA:136,0
DA:143,0
DA:144,0
DA:145,0
DA:151,0
DA:156,0
DA:157,0
DA:168,0
DA:169,0
DA:172,0
DA:174,0
DA:175,0
DA:176,0
DA:184,0
DA:185,0
DA:192,0
DA:197,0
DA:198,0
DA:209,0
DA:210,0
DA:212,0
DA:213,0
DA:220,0
DA:221,0
DA:222,0
DA:228,0
DA:233,0
DA:234,0
DA:245,0
DA:246,0
DA:249,0
DA:250,0
DA:257,0
DA:258,0
DA:259,0
DA:265,0
DA:270,0
DA:271,0
DA:282,0
DA:294,0
DA:297,0
DA:299,0
DA:305,0
DA:306,0
DA:312,0
DA:313,0
DA:319,0
DA:320,0
DA:321,0
DA:327,0
DA:328,0
DA:329,0
DA:335,0
DA:336,0
DA:337,0
DA:343,0
DA:344,0
DA:345,0
DA:346,0
DA:353,0
DA:364,0
DA:369,0
DA:370,0
DA:380,0
DA:381,0
DA:384,0
DA:385,0
DA:386,0
DA:392,0
DA:393,0
DA:394,0
DA:397,0
DA:398,0
DA:399,0
DA:400,0
DA:406,0
DA:407,0
DA:408,0
DA:409,0
DA:416,0
DA:417,0
DA:421,0
DA:422,0
DA:423,0
DA:424,0
DA:425,0
DA:426,0
DA:427,0
DA:428,0
DA:429,0
DA:432,0
DA:438,0
DA:439,0
DA:449,0
DA:450,0
DA:452,0
DA:453,0
DA:454,0
DA:457,0
DA:458,0
DA:459,0
DA:460,0
DA:465,0
DA:466,0
DA:469,0
DA:470,0
DA:471,0
DA:472,0
DA:473,0
DA:474,0
DA:475,0
DA:479,0
DA:483,0
DA:484,0
DA:485,0
DA:486,0
DA:493,0
DA:494,0
DA:497,0
DA:499,0
DA:505,0
DA:509,0
DA:513,0
DA:516,0
DA:517,0
DA:527,0
DA:528,0
DA:533,0
DA:534,0
DA:544,0
DA:545,0
DA:551,0
DA:552,0
DA:559,1
LF:175
LH:4
BRDA:21,0,0,0
BRDA:21,0,1,0
BRDA:21,1,0,0
BRDA:21,1,1,0
BRDA:28,2,0,0
BRDA:28,2,1,0
BRDA:37,3,0,0
BRDA:37,3,1,0
BRDA:46,4,0,0
BRDA:46,4,1,0
BRDA:74,5,0,0
BRDA:74,5,1,0
BRDA:74,6,0,0
BRDA:74,6,1,0
BRDA:83,7,0,0
BRDA:83,7,1,0
BRDA:94,8,0,0
BRDA:94,8,1,0
BRDA:94,9,0,0
BRDA:94,9,1,0
BRDA:94,10,0,0
BRDA:94,10,1,0
BRDA:96,11,0,0
BRDA:96,11,1,0
BRDA:123,12,0,0
BRDA:123,12,1,0
BRDA:132,13,0,0
BRDA:132,13,1,0
BRDA:135,14,0,0
BRDA:135,14,1,0
BRDA:135,15,0,0
BRDA:135,15,1,0
BRDA:144,16,0,0
BRDA:144,16,1,0
BRDA:172,17,0,0
BRDA:172,17,1,0
BRDA:175,18,0,0
BRDA:175,18,1,0
BRDA:184,19,0,0
BRDA:184,19,1,0
BRDA:184,20,0,0
BRDA:184,20,1,0
BRDA:212,21,0,0
BRDA:212,21,1,0
BRDA:221,22,0,0
BRDA:221,22,1,0
BRDA:249,23,0,0
BRDA:249,23,1,0
BRDA:249,24,0,0
BRDA:249,24,1,0
BRDA:258,25,0,0
BRDA:258,25,1,0
BRDA:297,26,0,0
BRDA:297,26,1,0
BRDA:297,27,0,0
BRDA:297,27,1,0
BRDA:297,27,2,0
BRDA:297,27,3,0
BRDA:297,27,4,0
BRDA:297,27,5,0
BRDA:297,27,6,0
BRDA:297,27,7,0
BRDA:305,28,0,0
BRDA:305,28,1,0
BRDA:312,29,0,0
BRDA:312,29,1,0
BRDA:320,30,0,0
BRDA:320,30,1,0
BRDA:328,31,0,0
BRDA:328,31,1,0
BRDA:336,32,0,0
BRDA:336,32,1,0
BRDA:343,33,0,0
BRDA:343,33,1,0
BRDA:345,34,0,0
BRDA:345,34,1,0
BRDA:385,35,0,0
BRDA:385,35,1,0
BRDA:393,36,0,0
BRDA:393,36,1,0
BRDA:394,37,0,0
BRDA:394,37,1,0
BRDA:397,38,0,0
BRDA:397,38,1,0
BRDA:399,39,0,0
BRDA:399,39,1,0
BRDA:406,40,0,0
BRDA:406,40,1,0
BRDA:408,41,0,0
BRDA:408,41,1,0
BRDA:416,42,0,0
BRDA:416,42,1,0
BRDA:422,43,0,0
BRDA:422,43,1,0
BRDA:458,44,0,0
BRDA:458,44,1,0
BRDA:469,45,0,0
BRDA:469,45,1,0
BRDA:473,46,0,0
BRDA:473,46,1,0
BRDA:483,47,0,0
BRDA:483,47,1,0
BRDA:485,48,0,0
BRDA:485,48,1,0
BRDA:505,49,0,0
BRDA:505,49,1,0
BRDA:505,50,0,0
BRDA:505,50,1,0
BRDA:505,50,2,0
BRF:109
BRH:0
end_of_record
TN:
SF:src\middleware\errorHandler.js
FN:1,(anonymous_0)
FNF:1
FNH:0
FNDA:0,(anonymous_0)
DA:1,1
DA:2,0
DA:3,0
DA:4,0
DA:5,0
LF:5
LH:1
BRDA:2,0,0,0
BRDA:2,0,1,0
BRDA:3,1,0,0
BRDA:3,1,1,0
BRDA:4,2,0,0
BRDA:4,2,1,0
BRF:6
BRH:0
end_of_record
TN:
SF:src\routes\auth.js
FNF:0
FNH:0
DA:1,1
DA:2,1
DA:4,1
DA:7,1
DA:10,1
DA:13,1
DA:16,1
DA:19,1
DA:21,1
LF:9
LH:9
BRF:0
BRH:0
end_of_record
TN:
SF:src\routes\register.js
FN:27,(anonymous_0)
FNF:1
FNH:0
FNDA:0,(anonymous_0)
DA:7,1
DA:8,1
DA:9,1
DA:12,1
DA:15,1
DA:18,1
DA:21,1
DA:24,1
DA:27,1
DA:28,0
DA:32,1
DA:35,1
DA:38,1
DA:41,1
DA:44,1
DA:46,1
LF:16
LH:15
BRF:0
BRH:0
end_of_record
TN:
SF:src\services\authService.js
FN:9,(anonymous_0)
FN:48,(anonymous_1)
FN:58,(anonymous_2)
FN:82,(anonymous_3)
FN:129,(anonymous_4)
FN:164,(anonymous_5)
FN:216,(anonymous_6)
FN:232,(anonymous_7)
FN:239,(anonymous_8)
FN:245,(anonymous_9)
FN:251,(anonymous_10)
FNF:11
FNH:0
FNDA:0,(anonymous_0)
FNDA:0,(anonymous_1)
FNDA:0,(anonymous_2)
FNDA:0,(anonymous_3)
FNDA:0,(anonymous_4)
FNDA:0,(anonymous_5)
FNDA:0,(anonymous_6)
FNDA:0,(anonymous_7)
FNDA:0,(anonymous_8)
FNDA:0,(anonymous_9)
FNDA:0,(anonymous_10)
DA:1,1
DA:2,1
DA:3,1
DA:4,1
DA:5,1
DA:10,0
DA:12,0
DA:14,0
DA:15,0
DA:19,0
DA:20,0
DA:21,0
DA:22,0
DA:23,0
DA:24,0
DA:25,0
DA:26,0
DA:27,0
DA:30,0
DA:31,0
DA:35,0
DA:36,0
DA:37,0
DA:40,0
DA:42,0
DA:43,0
DA:49,0
DA:50,0
DA:52,0
DA:53,0
DA:59,0
DA:60,0
DA:61,0
DA:63,0
DA:72,0
DA:74,0
DA:76,0
DA:77,0
DA:83,0
DA:85,0
DA:87,0
DA:88,0
DA:89,0
DA:93,0
DA:95,0
DA:103,0
DA:104,0
DA:105,0
DA:108,0
DA:109,0
DA:115,0
DA:116,0
DA:117,0
DA:120,0
DA:121,0
DA:123,0
DA:124,0
DA:130,0
DA:132,0
DA:133,0
DA:134,0
DA:137,0
DA:140,0
DA:141,0
DA:142,0
DA:146,0
DA:149,0
DA:151,0
DA:158,0
DA:159,0
DA:165,0
DA:167,0
DA:169,0
DA:170,0
DA:174,0
DA:177,0
DA:179,0
DA:180,0
DA:184,0
DA:185,0
DA:186,0
DA:189,0
DA:190,0
DA:193,0
DA:196,0
DA:198,0
DA:210,0
DA:211,0
DA:217,0
DA:219,0
DA:224,0
DA:226,0
DA:227,0
DA:234,0
DA:235,0
DA:240,0
DA:241,0
DA:246,0
DA:247,0
DA:252,0
DA:253,0
DA:254,0
DA:255,0
DA:256,0
DA:257,0
DA:259,0
DA:263,1
LF:107
LH:6
BRDA:14,0,0,0
BRDA:14,0,1,0
BRDA:20,1,0,0
BRDA:20,1,1,0
BRDA:22,2,0,0
BRDA:22,2,1,0
BRDA:25,3,0,0
BRDA:25,3,1,0
BRDA:30,4,0,0
BRDA:30,4,1,0
BRDA:36,5,0,0
BRDA:36,5,1,0
BRDA:87,6,0,0
BRDA:87,6,1,0
BRDA:99,7,0,0
BRDA:99,7,1,0
BRDA:103,8,0,0
BRDA:103,8,1,0
BRDA:115,9,0,0
BRDA:115,9,1,0
BRDA:133,10,0,0
BRDA:133,10,1,0
BRDA:141,11,0,0
BRDA:141,11,1,0
BRDA:169,12,0,0
BRDA:169,12,1,0
BRDA:179,13,0,0
BRDA:179,13,1,0
BRDA:252,14,0,0
BRDA:252,14,1,0
BRDA:254,15,0,0
BRDA:254,15,1,0
BRDA:256,16,0,0
BRDA:256,16,1,0
BRF:34
BRH:0
end_of_record
TN:
SF:src\services\dbService.js
FN:4,(anonymous_0)
FN:10,(anonymous_1)
FN:27,(anonymous_2)
FN:38,(anonymous_3)
FN:104,(anonymous_4)
FN:106,(anonymous_5)
FN:107,(anonymous_6)
FN:118,(anonymous_7)
FN:120,(anonymous_8)
FN:121,(anonymous_9)
FN:132,(anonymous_10)
FN:134,(anonymous_11)
FN:135,(anonymous_12)
FN:146,(anonymous_13)
FN:148,(anonymous_14)
FNF:15
FNH:5
FNDA:1,(anonymous_0)
FNDA:74,(anonymous_1)
FNDA:0,(anonymous_2)
FNDA:0,(anonymous_3)
FNDA:0,(anonymous_4)
FNDA:0,(anonymous_5)
FNDA:0,(anonymous_6)
FNDA:0,(anonymous_7)
FNDA:0,(anonymous_8)
FNDA:0,(anonymous_9)
FNDA:74,(anonymous_10)
FNDA:74,(anonymous_11)
FNDA:0,(anonymous_12)
FNDA:1,(anonymous_13)
FNDA:0,(anonymous_14)
DA:1,1
DA:5,1
DA:6,1
DA:11,74
DA:12,1
DA:15,1
DA:17,1
DA:19,1
DA:20,1
DA:23,0
DA:27,0
DA:28,0
DA:29,0
DA:31,0
DA:32,0
DA:40,0
DA:59,0
DA:73,0
DA:87,0
DA:97,0
DA:98,0
DA:99,0
DA:100,0
DA:105,0
DA:106,0
DA:107,0
DA:108,0
DA:109,0
DA:111,0
DA:119,0
DA:120,0
DA:121,0
DA:122,0
DA:123,0
DA:125,0
DA:133,74
DA:134,74
DA:135,74
DA:136,0
DA:137,0
DA:139,0
DA:147,1
DA:148,0
DA:149,0
DA:150,0
DA:152,0
DA:159,1
LF:47
LH:14
BRDA:11,0,0,73
BRDA:11,0,1,1
BRDA:23,1,0,0
BRDA:23,1,1,0
BRDA:24,2,0,0
BRDA:24,2,1,0
BRDA:25,3,0,0
BRDA:25,3,1,0
BRDA:28,4,0,0
BRDA:28,4,1,0
BRDA:104,5,0,0
BRDA:105,6,0,0
BRDA:105,6,1,0
BRDA:108,7,0,0
BRDA:108,7,1,0
BRDA:118,8,0,0
BRDA:119,9,0,0
BRDA:119,9,1,0
BRDA:122,10,0,0
BRDA:122,10,1,0
BRDA:132,11,0,74
BRDA:133,12,0,74
BRDA:133,12,1,0
BRDA:136,13,0,0
BRDA:136,13,1,0
BRDA:147,14,0,0
BRDA:147,14,1,1
BRDA:149,15,0,0
BRDA:149,15,1,0
BRF:29
BRH:5
end_of_record
TN:
SF:src\services\registrationDbService.js
FN:14,(anonymous_0)
FN:30,(anonymous_1)
FN:46,(anonymous_2)
FN:62,(anonymous_3)
FN:81,(anonymous_4)
FN:132,(anonymous_5)
FN:173,(anonymous_6)
FN:210,(anonymous_7)
FN:233,(anonymous_8)
FNF:9
FNH:0
FNDA:0,(anonymous_0)
FNDA:0,(anonymous_1)
FNDA:0,(anonymous_2)
FNDA:0,(anonymous_3)
FNDA:0,(anonymous_4)
FNDA:0,(anonymous_5)
FNDA:0,(anonymous_6)
FNDA:0,(anonymous_7)
FNDA:0,(anonymous_8)
DA:7,1
DA:8,1
DA:15,0
DA:16,0
DA:20,0
DA:22,0
DA:23,0
DA:31,0
DA:32,0
DA:36,0
DA:38,0
DA:39,0
DA:47,0
DA:48,0
DA:52,0
DA:54,0
DA:55,0
DA:63,0
DA:64,0
DA:65,0
DA:67,0
DA:71,0
DA:73,0
DA:74,0
DA:82,0
DA:84,0
DA:85,0
DA:88,0
DA:107,0
DA:109,0
DA:111,0
DA:113,0
DA:114,0
DA:115,0
DA:116,0
DA:117,0
DA:118,0
DA:119,0
DA:120,0
DA:122,0
DA:125,0
DA:133,0
DA:135,0
DA:138,0
DA:139,0
DA:142,0
DA:156,0
DA:165,0
DA:166,0
DA:174,0
DA:176,0
DA:183,0
DA:184,0
DA:188,0
DA:189,0
DA:190,0
DA:191,0
DA:195,0
DA:200,0
DA:202,0
DA:203,0
DA:211,0
DA:212,0
DA:213,0
DA:214,0
DA:216,0
DA:222,0
DA:224,0
DA:225,0
DA:234,0
DA:235,0
DA:236,0
DA:237,0
DA:240,0
DA:241,0
DA:248,0
DA:249,0
DA:251,0
DA:255,0
DA:256,0
DA:259,0
DA:262,0
DA:263,0
DA:264,0
DA:268,0
DA:269,0
DA:270,0
DA:272,0
DA:273,0
DA:274,0
DA:278,0
DA:283,0
DA:284,0
DA:286,0
DA:287,0
DA:292,1
LF:96
LH:3
BRDA:20,0,0,0
BRDA:20,0,1,0
BRDA:36,1,0,0
BRDA:36,1,1,0
BRDA:52,2,0,0
BRDA:52,2,1,0
BRDA:64,3,0,0
BRDA:64,3,1,0
BRDA:71,4,0,0
BRDA:71,4,1,0
BRDA:98,5,0,0
BRDA:98,5,1,0
BRDA:100,6,0,0
BRDA:100,6,1,0
BRDA:101,7,0,0
BRDA:101,7,1,0
BRDA:102,8,0,0
BRDA:102,8,1,0
BRDA:111,9,0,0
BRDA:111,9,1,0
BRDA:111,10,0,0
BRDA:111,10,1,0
BRDA:113,11,0,0
BRDA:113,11,1,0
BRDA:115,12,0,0
BRDA:115,12,1,0
BRDA:117,13,0,0
BRDA:117,13,1,0
BRDA:119,14,0,0
BRDA:119,14,1,0
BRDA:183,15,0,0
BRDA:183,15,1,0
BRDA:190,16,0,0
BRDA:190,16,1,0
BRDA:248,17,0,0
BRDA:248,17,1,0
BRDA:262,18,0,0
BRDA:262,18,1,0
BRDA:272,19,0,0
BRDA:272,19,1,0
BRF:40
BRH:0
end_of_record
TN:
SF:src\services\sessionService.js
FN:16,(anonymous_0)
FN:48,(anonymous_1)
FN:76,(anonymous_2)
FN:91,(anonymous_3)
FN:112,(anonymous_4)
FNF:5
FNH:0
FNDA:0,(anonymous_0)
FNDA:0,(anonymous_1)
FNDA:0,(anonymous_2)
FNDA:0,(anonymous_3)
FNDA:0,(anonymous_4)
DA:6,1
DA:7,1
DA:17,0
DA:21,0
DA:23,0
DA:24,0
DA:25,0
DA:28,0
DA:29,0
DA:30,0
DA:33,0
DA:38,0
DA:40,0
DA:41,0
DA:49,0
DA:50,0
DA:51,0
DA:54,0
DA:59,0
DA:60,0
DA:63,0
DA:68,0
DA:69,0
DA:77,0
DA:78,0
DA:83,0
DA:84,0
DA:92,0
DA:94,0
DA:102,0
DA:104,0
DA:105,0
DA:113,0
DA:115,0
DA:123,0
DA:125,0
DA:126,0
DA:131,1
LF:38
LH:3
BRDA:21,0,0,0
BRDA:21,0,1,0
BRDA:25,1,0,0
BRDA:25,1,1,0
BRDA:50,2,0,0
BRDA:50,2,1,0
BRDA:59,3,0,0
BRDA:59,3,1,0
BRF:8
BRH:0
end_of_record
